<?xml version="1.0" encoding="UTF-8"?>
<!-- Generated by org.testng.reporters.JUnitReportReporter -->
<testsuite skipped="0" hostname="DESKTOP-BB2GFQJ" name="NewTest" tests="1" failures="0" timestamp="24 Dec 2018 18:41:38 GMT" time="12.055" errors="0">
  <testcase name="f" time="12.055" classname="NewTest"/>
</testsuite> <!-- NewTest -->
